c:\users\mesut\source\repos\sp_gui\sp_gui\x64\debug\vc143.pdb
c:\users\mesut\source\repos\sp_gui\sp_gui\x64\debug\.netframework,version=v4.7.2.assemblyattributes.obj
c:\users\mesut\source\repos\sp_gui\sp_gui\x64\debug\myform.obj
c:\users\mesut\source\repos\sp_gui\sp_gui\x64\debug\main.obj
c:\users\mesut\source\repos\sp_gui\sp_gui\x64\debug\keyform.obj
c:\users\mesut\source\repos\sp_gui\x64\debug\sp_gui.exe
c:\users\mesut\source\repos\sp_gui\x64\debug\sp_gui.pdb
c:\users\mesut\source\repos\sp_gui\sp_gui\x64\debug\sp_gui.tlog\cl.command.1.tlog
c:\users\mesut\source\repos\sp_gui\sp_gui\x64\debug\sp_gui.tlog\cl.items.tlog
c:\users\mesut\source\repos\sp_gui\sp_gui\x64\debug\sp_gui.tlog\cl.read.1.tlog
c:\users\mesut\source\repos\sp_gui\sp_gui\x64\debug\sp_gui.tlog\cl.write.1.tlog
c:\users\mesut\source\repos\sp_gui\sp_gui\x64\debug\sp_gui.tlog\link.command.1.tlog
c:\users\mesut\source\repos\sp_gui\sp_gui\x64\debug\sp_gui.tlog\link.read.1.tlog
c:\users\mesut\source\repos\sp_gui\sp_gui\x64\debug\sp_gui.tlog\link.secondary.1.tlog
c:\users\mesut\source\repos\sp_gui\sp_gui\x64\debug\sp_gui.tlog\link.write.1.tlog
c:\users\mesut\source\repos\sp_gui\sp_gui\x64\debug\sp_gui.tlog\metagen.read.1.tlog
c:\users\mesut\source\repos\sp_gui\sp_gui\x64\debug\sp_gui.tlog\metagen.write.1.tlog
c:\users\mesut\source\repos\sp_gui\sp_gui\x64\debug\sp_gui.tlog\resgen.command.1.tlog
c:\users\mesut\source\repos\sp_gui\sp_gui\x64\debug\sp_gui.tlog\resgen.read.1.tlog
c:\users\mesut\source\repos\sp_gui\sp_gui\x64\debug\sp_gui.tlog\resgen.write.1.tlog
